15:4: not a valid test operator:  
15:4: not a valid test operator: 12.4
21:4: not a valid test operator: (
21:4: not a valid test operator: 550.90.07
usage: inference.py [-h] --wan-ckpt-dir WAN_CKPT_DIR
                    [--wan-config {t2v-A14B,i2v-A14B,ti2v-5B,animate-14B,s2v-14B}]
                    [--pi3-checkpoint PI3_CHECKPOINT]
                    [--pi3-pretrained-id PI3_PRETRAINED_ID]
                    [--use-pi3 USE_PI3] [--prompt PROMPT] --image IMAGE
                    [--frame-num FRAME_NUM] [--device DEVICE]
                    [--offload-model OFFLOAD_MODEL] [--output OUTPUT]
                    [--save-latents SAVE_LATENTS] [--save-pi3 SAVE_PI3]
inference.py: error: argument --use-pi3: expected one argument
Warning, cannot find cuda-compiled version of RoPE2D, using a slow pytorch version instead
srun: error: HOST-10-140-60-86: task 0: Exited with exit code 2
